2016/11/09 19:21:59 [error] [php] Trying to get property of non-object (C:\xampp\htdocs\sistemconta\protected\views\layouts\main.php:13)
Stack trace:
#0 C:\xampp\htdocs\yii\framework\web\widgets\CContentDecorator.php(76): SiteController->renderFile()
#1 C:\xampp\htdocs\yii\framework\web\widgets\CContentDecorator.php(54): CContentDecorator->decorate()
#2 C:\xampp\htdocs\yii\framework\web\widgets\COutputProcessor.php(44): CContentDecorator->processOutput()
#3 C:\xampp\htdocs\yii\framework\web\CBaseController.php(214): CContentDecorator->run()
#4 C:\xampp\htdocs\yii\framework\web\CBaseController.php(308): SiteController->endWidget()
#5 C:\xampp\htdocs\sistemconta\protected\views\layouts\column1.php(6): SiteController->endContent()
#6 C:\xampp\htdocs\yii\framework\web\CBaseController.php(126): require()
#7 C:\xampp\htdocs\yii\framework\web\CBaseController.php(95): SiteController->renderInternal()
#8 C:\xampp\htdocs\yii\framework\web\CController.php(784): SiteController->renderFile()
#9 C:\xampp\htdocs\sistemconta\protected\controllers\SiteController.php(32): SiteController->render()
#10 C:\xampp\htdocs\yii\framework\web\actions\CInlineAction.php(49): SiteController->actionIndex()
#11 C:\xampp\htdocs\yii\framework\web\CController.php(308): CInlineAction->runWithParams()
#12 C:\xampp\htdocs\yii\framework\web\CController.php(286): SiteController->runAction()
#13 C:\xampp\htdocs\yii\framework\web\CController.php(265): SiteController->runActionWithFilters()
#14 C:\xampp\htdocs\yii\framework\web\CWebApplication.php(282): SiteController->run()
#15 C:\xampp\htdocs\yii\framework\web\CWebApplication.php(141): CWebApplication->runController()
#16 C:\xampp\htdocs\yii\framework\base\CApplication.php(185): CWebApplication->processRequest()
#17 C:\xampp\htdocs\sistemconta\index.php(13): CWebApplication->run()
REQUEST_URI=/sistemconta/
in C:\xampp\htdocs\sistemconta\protected\views\layouts\main.php (13)
in C:\xampp\htdocs\sistemconta\protected\views\layouts\column1.php (6)
in C:\xampp\htdocs\sistemconta\protected\controllers\SiteController.php (32)
2016/11/09 19:23:15 [error] [php] Trying to get property of non-object (C:\xampp\htdocs\sistemconta\protected\views\layouts\main.php:3)
Stack trace:
#0 C:\xampp\htdocs\yii\framework\web\widgets\CContentDecorator.php(76): SiteController->renderFile()
#1 C:\xampp\htdocs\yii\framework\web\widgets\CContentDecorator.php(54): CContentDecorator->decorate()
#2 C:\xampp\htdocs\yii\framework\web\widgets\COutputProcessor.php(44): CContentDecorator->processOutput()
#3 C:\xampp\htdocs\yii\framework\web\CBaseController.php(214): CContentDecorator->run()
#4 C:\xampp\htdocs\yii\framework\web\CBaseController.php(308): SiteController->endWidget()
#5 C:\xampp\htdocs\sistemconta\protected\views\layouts\column1.php(6): SiteController->endContent()
#6 C:\xampp\htdocs\yii\framework\web\CBaseController.php(126): require()
#7 C:\xampp\htdocs\yii\framework\web\CBaseController.php(95): SiteController->renderInternal()
#8 C:\xampp\htdocs\yii\framework\web\CController.php(784): SiteController->renderFile()
#9 C:\xampp\htdocs\sistemconta\protected\controllers\SiteController.php(32): SiteController->render()
#10 C:\xampp\htdocs\yii\framework\web\actions\CInlineAction.php(49): SiteController->actionIndex()
#11 C:\xampp\htdocs\yii\framework\web\CController.php(308): CInlineAction->runWithParams()
#12 C:\xampp\htdocs\yii\framework\web\CController.php(286): SiteController->runAction()
#13 C:\xampp\htdocs\yii\framework\web\CController.php(265): SiteController->runActionWithFilters()
#14 C:\xampp\htdocs\yii\framework\web\CWebApplication.php(282): SiteController->run()
#15 C:\xampp\htdocs\yii\framework\web\CWebApplication.php(141): CWebApplication->runController()
#16 C:\xampp\htdocs\yii\framework\base\CApplication.php(185): CWebApplication->processRequest()
#17 C:\xampp\htdocs\sistemconta\index.php(13): CWebApplication->run()
REQUEST_URI=/sistemconta/
in C:\xampp\htdocs\sistemconta\protected\views\layouts\main.php (3)
in C:\xampp\htdocs\sistemconta\protected\views\layouts\column1.php (6)
in C:\xampp\htdocs\sistemconta\protected\controllers\SiteController.php (32)
2016/11/09 19:29:00 [error] [php] Undefined variable: form (C:\xampp\htdocs\sistemconta\protected\views\site\login.php:19)
Stack trace:
#0 C:\xampp\htdocs\yii\framework\web\CController.php(869): SiteController->renderFile()
#1 C:\xampp\htdocs\yii\framework\web\CController.php(782): SiteController->renderPartial()
#2 C:\xampp\htdocs\sistemconta\protected\controllers\SiteController.php(98): SiteController->render()
#3 C:\xampp\htdocs\yii\framework\web\actions\CInlineAction.php(49): SiteController->actionLogin()
#4 C:\xampp\htdocs\yii\framework\web\CController.php(308): CInlineAction->runWithParams()
#5 C:\xampp\htdocs\yii\framework\web\CController.php(286): SiteController->runAction()
#6 C:\xampp\htdocs\yii\framework\web\CController.php(265): SiteController->runActionWithFilters()
#7 C:\xampp\htdocs\yii\framework\web\CWebApplication.php(282): SiteController->run()
#8 C:\xampp\htdocs\yii\framework\web\CWebApplication.php(141): CWebApplication->runController()
#9 C:\xampp\htdocs\yii\framework\base\CApplication.php(185): CWebApplication->processRequest()
#10 C:\xampp\htdocs\sistemconta\index.php(13): CWebApplication->run()
REQUEST_URI=/sistemconta/index.php?r=site/login
in C:\xampp\htdocs\sistemconta\protected\views\site\login.php (19)
in C:\xampp\htdocs\sistemconta\protected\controllers\SiteController.php (98)
in C:\xampp\htdocs\sistemconta\index.php (13)
